<?xml version="1.0" encoding="UTF-8"?>
<!-- Generated by org.testng.reporters.JUnitReportReporter -->
<testsuite skipped="0" hostname="Tti-LP-021" name="tests.Baseclass" tests="1" failures="0" timestamp="20 Jan 2020 10:43:58 GMT" time="0.032" errors="0">
  <testcase name="sampletest" time="0.032" classname="tests.Baseclass"/>
</testsuite> <!-- tests.Baseclass -->
